<?xml version="1.0" encoding="UTF-8"?>
<!-- Generated by org.testng.reporters.JUnitReportReporter -->
<testsuite hostname="ADMINISTRATORs-MacBook-Pro-6.local" failures="0" tests="1" name="andela.Amazon" time="32.026" errors="0" timestamp="2022-04-03T23:08:03 WAT" skipped="0">
  <testcase classname="andela.Amazon" name="verifyAmazonSamsungFlow" time="32.026"/>
  <system-out/>
</testsuite> <!-- andela.Amazon -->
